<?xml version="1.0" encoding="UTF-8"?>
<!-- Generated by org.testng.reporters.JUnitReportReporter -->
<testsuite hostname="LAPTOP-GHQU6SH7" failures="0" tests="5" name="com.sgtesting.testngassignments.Assignment1" time="0.114" errors="0" timestamp="2022-03-17T22:51:46 IST" skipped="0">
  <testcase classname="com.sgtesting.testngassignments.Assignment1" name="launchBrowser" time="0.099"/>
  <system-out/>
  <testcase classname="com.sgtesting.testngassignments.Assignment1" name="navigate" time="0.001"/>
  <system-out/>
  <testcase classname="com.sgtesting.testngassignments.Assignment1" name="login" time="0.010"/>
  <system-out/>
  <testcase classname="com.sgtesting.testngassignments.Assignment1" name="minimizeFlyOutWindow" time="0.003"/>
  <system-out/>
  <testcase classname="com.sgtesting.testngassignments.Assignment1" name="createUser" time="0.001"/>
  <system-out/>
</testsuite> <!-- com.sgtesting.testngassignments.Assignment1 -->
